# JRE version: OpenJDK Runtime Environment (8.0_112-b06) (build 1.8.0_112-release-b06)
# Java VM: OpenJDK 64-Bit Server VM (25.112-b06 mixed mode windows-amd64 compressed oops)
Heap:
 PSYoungGen      total 432128K, used 306870K [0x00000000e0000000, 0x0000000100000000, 0x0000000100000000)
  eden space 369664K, 66% used [0x00000000e0000000,0x00000000eeebd9c8,0x00000000f6900000)
  from space 62464K, 99% used [0x00000000f6900000,0x00000000fa5efe58,0x00000000fa600000)
  to   space 84992K, 0% used [0x00000000fad00000,0x00000000fad00000,0x0000000100000000)
 ParOldGen       total 475648K, used 207050K [0x00000000a0000000, 0x00000000bd080000, 0x00000000e0000000)
  object space 475648K, 43% used [0x00000000a0000000,0x00000000aca329d8,0x00000000bd080000)
 Metaspace       used 90210K, capacity 94216K, committed 94296K, reserved 1132544K
  class space    used 11208K, capacity 12080K, committed 12160K, reserved 1048576K
GC Heap History (10 events):
Event: 509.643 GC heap before
{Heap before GC invocations=79 (full 6):
 PSYoungGen      total 442880K, used 395968K [0x00000000e0000000, 0x00000000ff680000, 0x0000000100000000)
  eden space 377344K, 100% used [0x00000000e0000000,0x00000000f7080000,0x00000000f7080000)
  from space 65536K, 28% used [0x00000000fb680000,0x00000000fc8b03d8,0x00000000ff680000)
  to   space 68608K, 0% used [0x00000000f7080000,0x00000000f7080000,0x00000000fb380000)
 ParOldGen       total 475648K, used 94997K [0x00000000a0000000, 0x00000000bd080000, 0x00000000e0000000)
  object space 475648K, 19% used [0x00000000a0000000,0x00000000a5cc57d8,0x00000000bd080000)
 Metaspace       used 89122K, capacity 93128K, committed 93144K, reserved 1130496K
  class space    used 11146K, capacity 12016K, committed 12032K, reserved 1048576K
Event: 509.660 GC heap after
Heap after GC invocations=79 (full 6):
 PSYoungGen      total 445952K, used 15104K [0x00000000e0000000, 0x00000000ffd00000, 0x0000000100000000)
  eden space 377344K, 0% used [0x00000000e0000000,0x00000000e0000000,0x00000000f7080000)
  from space 68608K, 22% used [0x00000000f7080000,0x00000000f7f40100,0x00000000fb380000)
  to   space 65536K, 0% used [0x00000000fbd00000,0x00000000fbd00000,0x00000000ffd00000)
 ParOldGen       total 475648K, used 96312K [0x00000000a0000000, 0x00000000bd080000, 0x00000000e0000000)
  object space 475648K, 20% used [0x00000000a0000000,0x00000000a5e0e180,0x00000000bd080000)
 Metaspace       used 89122K, capacity 93128K, committed 93144K, reserved 1130496K
  class space    used 11146K, capacity 12016K, committed 12032K, reserved 1048576K
}
Event: 511.601 GC heap before
{Heap before GC invocations=80 (full 6):
 PSYoungGen      total 445952K, used 392448K [0x00000000e0000000, 0x00000000ffd00000, 0x0000000100000000)
  eden space 377344K, 100% used [0x00000000e0000000,0x00000000f7080000,0x00000000f7080000)
  from space 68608K, 22% used [0x00000000f7080000,0x00000000f7f40100,0x00000000fb380000)
  to   space 65536K, 0% used [0x00000000fbd00000,0x00000000fbd00000,0x00000000ffd00000)
 ParOldGen       total 475648K, used 96312K [0x00000000a0000000, 0x00000000bd080000, 0x00000000e0000000)
  object space 475648K, 20% used [0x00000000a0000000,0x00000000a5e0e180,0x00000000bd080000)
 Metaspace       used 89813K, capacity 93768K, committed 93912K, reserved 1130496K
  class space    used 11157K, capacity 12016K, committed 12032K, reserved 1048576K
Event: 511.656 GC heap after
Heap after GC invocations=80 (full 6):
 PSYoungGen      total 436224K, used 64395K [0x00000000e0000000, 0x0000000100000000, 0x0000000100000000)
  eden space 370688K, 0% used [0x00000000e0000000,0x00000000e0000000,0x00000000f6a00000)
  from space 65536K, 98% used [0x00000000fbd00000,0x00000000ffbe2e70,0x00000000ffd00000)
  to   space 76800K, 0% used [0x00000000f6a00000,0x00000000f6a00000,0x00000000fb500000)
 ParOldGen       total 475648K, used 102573K [0x00000000a0000000, 0x00000000bd080000, 0x00000000e0000000)
  object space 475648K, 21% used [0x00000000a0000000,0x00000000a642b568,0x00000000bd080000)
 Metaspace       used 89813K, capacity 93768K, committed 93912K, reserved 1130496K
  class space    used 11157K, capacity 12016K, committed 12032K, reserved 1048576K
}
Event: 512.512 GC heap before
{Heap before GC invocations=81 (full 6):
 PSYoungGen      total 436224K, used 435083K [0x00000000e0000000, 0x0000000100000000, 0x0000000100000000)
  eden space 370688K, 100% used [0x00000000e0000000,0x00000000f6a00000,0x00000000f6a00000)
  from space 65536K, 98% used [0x00000000fbd00000,0x00000000ffbe2e70,0x00000000ffd00000)
  to   space 76800K, 0% used [0x00000000f6a00000,0x00000000f6a00000,0x00000000fb500000)
 ParOldGen       total 475648K, used 102573K [0x00000000a0000000, 0x00000000bd080000, 0x00000000e0000000)
  object space 475648K, 21% used [0x00000000a0000000,0x00000000a642b568,0x00000000bd080000)
 Metaspace       used 89959K, capacity 93928K, committed 94040K, reserved 1130496K
  class space    used 11172K, capacity 12048K, committed 12160K, reserved 1048576K
Event: 512.553 GC heap after
Heap after GC invocations=81 (full 6):
 PSYoungGen      total 447488K, used 40092K [0x00000000e0000000, 0x0000000100000000, 0x0000000100000000)
  eden space 370688K, 0% used [0x00000000e0000000,0x00000000e0000000,0x00000000f6a00000)
  from space 76800K, 52% used [0x00000000f6a00000,0x00000000f9127380,0x00000000fb500000)
  to   space 76800K, 0% used [0x00000000fb500000,0x00000000fb500000,0x0000000100000000)
 ParOldGen       total 475648K, used 145810K [0x00000000a0000000, 0x00000000bd080000, 0x00000000e0000000)
  object space 475648K, 30% used [0x00000000a0000000,0x00000000a8e64970,0x00000000bd080000)
 Metaspace       used 89959K, capacity 93928K, committed 94040K, reserved 1130496K
  class space    used 11172K, capacity 12048K, committed 12160K, reserved 1048576K
}
Event: 513.423 GC heap before
{Heap before GC invocations=82 (full 6):
 PSYoungGen      total 447488K, used 410780K [0x00000000e0000000, 0x0000000100000000, 0x0000000100000000)
  eden space 370688K, 100% used [0x00000000e0000000,0x00000000f6a00000,0x00000000f6a00000)
  from space 76800K, 52% used [0x00000000f6a00000,0x00000000f9127380,0x00000000fb500000)
  to   space 76800K, 0% used [0x00000000fb500000,0x00000000fb500000,0x0000000100000000)
 ParOldGen       total 475648K, used 145810K [0x00000000a0000000, 0x00000000bd080000, 0x00000000e0000000)
  object space 475648K, 30% used [0x00000000a0000000,0x00000000a8e64970,0x00000000bd080000)
 Metaspace       used 89963K, capacity 93928K, committed 94040K, reserved 1130496K
  class space    used 11172K, capacity 12048K, committed 12160K, reserved 1048576K
Event: 513.463 GC heap after
Heap after GC invocations=82 (full 6):
 PSYoungGen      total 446464K, used 42161K [0x00000000e0000000, 0x0000000100000000, 0x0000000100000000)
  eden space 369664K, 0% used [0x00000000e0000000,0x00000000e0000000,0x00000000f6900000)
  from space 76800K, 54% used [0x00000000fb500000,0x00000000fde2c608,0x0000000100000000)
  to   space 77312K, 0% used [0x00000000f6900000,0x00000000f6900000,0x00000000fb480000)
 ParOldGen       total 475648K, used 178290K [0x00000000a0000000, 0x00000000bd080000, 0x00000000e0000000)
  object space 475648K, 37% used [0x00000000a0000000,0x00000000aae1c9c8,0x00000000bd080000)
 Metaspace       used 89963K, capacity 93928K, committed 94040K, reserved 1130496K
  class space    used 11172K, capacity 12048K, committed 12160K, reserved 1048576K
}
Event: 513.915 GC heap before
{Heap before GC invocations=83 (full 6):
 PSYoungGen      total 446464K, used 411825K [0x00000000e0000000, 0x0000000100000000, 0x0000000100000000)
  eden space 369664K, 100% used [0x00000000e0000000,0x00000000f6900000,0x00000000f6900000)
  from space 76800K, 54% used [0x00000000fb500000,0x00000000fde2c608,0x0000000100000000)
  to   space 77312K, 0% used [0x00000000f6900000,0x00000000f6900000,0x00000000fb480000)
 ParOldGen       total 475648K, used 178290K [0x00000000a0000000, 0x00000000bd080000, 0x00000000e0000000)
  object space 475648K, 37% used [0x00000000a0000000,0x00000000aae1c9c8,0x00000000bd080000)
 Metaspace       used 90176K, capacity 94152K, committed 94296K, reserved 1132544K
  class space    used 11208K, capacity 12080K, committed 12160K, reserved 1048576K
Event: 513.966 GC heap after
Heap after GC invocations=83 (full 6):
 PSYoungGen      total 432128K, used 62399K [0x00000000e0000000, 0x0000000100000000, 0x0000000100000000)
  eden space 369664K, 0% used [0x00000000e0000000,0x00000000e0000000,0x00000000f6900000)
  from space 62464K, 99% used [0x00000000f6900000,0x00000000fa5efe58,0x00000000fa600000)
  to   space 84992K, 0% used [0x00000000fad00000,0x00000000fad00000,0x0000000100000000)
 ParOldGen       total 475648K, used 207050K [0x00000000a0000000, 0x00000000bd080000, 0x00000000e0000000)
  object space 475648K, 43% used [0x00000000a0000000,0x00000000aca329d8,0x00000000bd080000)
 Metaspace       used 90176K, capacity 94152K, committed 94296K, reserved 1132544K
  class space    used 11208K, capacity 12080K, committed 12160K, reserved 1048576K
}

